Removed Pin From Net: NetName=DGND Pin=BT1-2
Removed Pin From Net: NetName=DGND Pin=C16-1
Removed Pin From Net: NetName=DGND Pin=C21-2
Removed Pin From Net: NetName=DGND Pin=R4-1
Removed Pin From Net: NetName=DGND Pin=R5-1
Removed Pin From Net: NetName=DGND Pin=R6-1
Removed Pin From Net: NetName=DGND Pin=R7-1
Removed Pin From Net: NetName=DGND Pin=R8-1
Removed Pin From Net: NetName=DGND Pin=U10-4
Removed Pin From Net: NetName=DGND Pin=U10-6
Removed Pin From Net: NetName=DGND Pin=U10-8
Removed Pin From Net: NetName=DGND Pin=U10-17
Added Pin To Net: NetName=GND Pin=BT1-2
Added Pin To Net: NetName=GND Pin=C16-1
Added Pin To Net: NetName=GND Pin=C21-2
Added Pin To Net: NetName=GND Pin=R4-1
Added Pin To Net: NetName=GND Pin=R5-1
Added Pin To Net: NetName=GND Pin=R6-1
Added Pin To Net: NetName=GND Pin=R7-1
Added Pin To Net: NetName=GND Pin=R8-1
Added Pin To Net: NetName=GND Pin=U10-4
Added Pin To Net: NetName=GND Pin=U10-6
Added Pin To Net: NetName=GND Pin=U10-8
Added Pin To Net: NetName=GND Pin=U10-17
