Removed Pin From Net: NetName=AIN1 Pin=P1-1
Removed Pin From Net: NetName=AIN2 Pin=P1-2
Removed Pin From Net: NetName=AIN3 Pin=P1-3
Removed Pin From Net: NetName=RLD_REF Pin=P1-4
Removed Pin From Net: NetName=RLD Pin=P1-5
Removed Pin From Net: NetName=VREF Pin=P3-2
Removed Pin From Net: NetName=VCC Pin=P3-3
Change Component DesignItemId : Designator=P3 Old DesignItemId=Header 3 New DesignItemId=Header 2
Change Component DesignItemId : Designator=P1 Old DesignItemId=Header 5 New DesignItemId=Header 6
Change Component Footprint: Designator=P3 Old Footprint=HDR1X3 New Footprint=HDR1X2
Change Component Footprint: Designator=P1 Old Footprint=HDR1X5 New Footprint=HDR1X6
Change Component Comment : Designator=P1 Old Comment=AIN_RLD New Comment=Vref_AIN_RLD
Change Component Comment : Designator=P3 Old Comment=Sup_Vref New Comment=Sup
Added Pin To Net: NetName=VREF Pin=P1-1
Added Pin To Net: NetName=AIN1 Pin=P1-2
Added Pin To Net: NetName=AIN2 Pin=P1-3
Added Pin To Net: NetName=AIN3 Pin=P1-4
Added Pin To Net: NetName=RLD_REF Pin=P1-5
Added Pin To Net: NetName=RLD Pin=P1-6
Added Pin To Net: NetName=VCC Pin=P3-2
