Removed Pin From Net: NetName=AGND Pin=C5-1
Removed Pin From Net: NetName=VCC Pin=C5-2
Removed Pin From Net: NetName=AGND Pin=C6-1
Removed Pin From Net: NetName=AGND Pin=C7-1
Removed Pin From Net: NetName=AVDD Pin=C7-2
Removed Pin From Net: NetName=AGND Pin=C8-1
Removed Pin From Net: NetName=AVDD Pin=C8-2
Removed Pin From Net: NetName=AGND Pin=C24-1
Removed Pin From Net: NetName=VCC Pin=U2-1
Removed Pin From Net: NetName=AGND Pin=U2-2
Removed Pin From Net: NetName=VCC Pin=U2-3
Removed Pin From Net: NetName=AVDD Pin=U2-5
Removed Pin From Net: NetName=AGND Pin=U8-8
Change Component DesignItemId : Designator=U2 Old DesignItemId=TPS79333DBVREP New DesignItemId=LM2664M6
Change Component Footprint: Designator=U2 Old Footprint=TI-DBV5_N New Footprint=*SOT95P300X120-6N
Change Component Comment : Designator=U2 Old Comment=TPS79333 New Comment=LM2664M6
Added Component: Designator=C31(J1-0603)
Added Component: Designator=C32(J1-0603)
Added Component: Designator=C33(J1-0603)
Added Component: Designator=C34(J1-0603)
Added Component: Designator=C35(J1-0603)
Added Component: Designator=C36(J1-0603)
Added Component: Designator=U3(TI-DBV5_N)
Added Component: Designator=U4(TI-DCK5_V)
Added Pin To Net: NetName=AGND Pin=C5-2
Added Pin To Net: NetName=AGND Pin=C6-2
Added Pin To Net: NetName=AGND Pin=C8-2
Added Pin To Net: NetName=AGND Pin=C24-2
Added Pin To Net: NetName=VCC Pin=C34-2
Added Pin To Net: NetName=AVDD Pin=C35-2
Added Pin To Net: NetName=AVDD Pin=C36-2
Added Pin To Net: NetName=VCC Pin=U2-4
Added Pin To Net: NetName=VCC Pin=U2-5
Added Pin To Net: NetName=AGND Pin=U3-5
Added Pin To Net: NetName=VCC Pin=U4-1
Added Pin To Net: NetName=VCC Pin=U4-3
Added Pin To Net: NetName=AVDD Pin=U4-5
Added Pin To Net: NetName=DGND Pin=U8-8
Change Net Name : Old Net Name=AGND New Net Name=-2.5V
Change Net Name : Old Net Name=AVDD New Net Name=+2.5V
Added Pin To Net: NetName=-VCC Pin=C7-2
Added Pin To Net: NetName=-VCC Pin=U3-2
Added Pin To Net: NetName=-VCC Pin=U3-3
Added Net: Name=-VCC
Added Pin To Net: NetName=AVSS Pin=C7-1
Added Pin To Net: NetName=AVSS Pin=C8-1
Added Pin To Net: NetName=AVSS Pin=C24-1
Added Pin To Net: NetName=AVSS Pin=C32-1
Added Pin To Net: NetName=AVSS Pin=C33-1
Added Pin To Net: NetName=AVSS Pin=C34-1
Added Pin To Net: NetName=AVSS Pin=C35-1
Added Pin To Net: NetName=AVSS Pin=C36-1
Added Pin To Net: NetName=AVSS Pin=U2-1
Added Pin To Net: NetName=AVSS Pin=U3-1
Added Pin To Net: NetName=AVSS Pin=U4-2
Added Net: Name=AVSS
Added Pin To Net: NetName=NetC5_1 Pin=C5-1
Added Pin To Net: NetName=NetC5_1 Pin=C6-1
Added Pin To Net: NetName=NetC5_1 Pin=IC1-24
Added Net: Name=NetC5_1
Added Pin To Net: NetName=NetC31_1 Pin=C31-1
Added Pin To Net: NetName=NetC31_1 Pin=U2-6
Added Net: Name=NetC31_1
Added Pin To Net: NetName=NetC31_2 Pin=C31-2
Added Pin To Net: NetName=NetC31_2 Pin=U2-3
Added Net: Name=NetC31_2
Added Pin To Net: NetName=NetC32_2 Pin=C32-2
Added Pin To Net: NetName=NetC32_2 Pin=U2-2
Added Net: Name=NetC32_2
Added Pin To Net: NetName=NetC33_2 Pin=C33-2
Added Pin To Net: NetName=NetC33_2 Pin=U3-4
Added Net: Name=NetC33_2
Added Member To Class: ClassName=ADS1294 Member=Component C31 Cap Semi
Added Member To Class: ClassName=ADS1294 Member=Component C32 Cap Semi
Added Member To Class: ClassName=ADS1294 Member=Component C33 Cap Semi
Added Member To Class: ClassName=ADS1294 Member=Component C34 Cap Semi
Added Member To Class: ClassName=ADS1294 Member=Component C35 Cap Semi
Added Member To Class: ClassName=ADS1294 Member=Component C36 Cap Semi
Added Member To Class: ClassName=ADS1294 Member=Component U3 TPS72325DBVR
Added Member To Class: ClassName=ADS1294 Member=Component U4 TLV70012DCKR
