Removed Pin From Net: NetName=AVSS Pin=C33-1
Added Component: Designator=C37(J1-0603)
Added Component: Designator=C38(J1-0603)
Added Component: Designator=C39(J1-0603)
Added Component: Designator=C40(J1-0603)
Added Component: Designator=R19(J1-0603)
Added Component: Designator=R20(J1-0603)
Added Component: Designator=U5(QFN50P500X500X80-29N)
Added Pin To Net: NetName=DGND Pin=C37-2
Added Pin To Net: NetName=DGND Pin=C38-2
Added Pin To Net: NetName=5V Pin=C39-1
Added Pin To Net: NetName=5V Pin=C40-1
Added Pin To Net: NetName=DGND Pin=C40-2
Added Pin To Net: NetName=UART_TX Pin=R19-2
Added Pin To Net: NetName=UART_RX Pin=R20-2
Added Pin To Net: NetName=D+ Pin=U5-4
Added Pin To Net: NetName=5V Pin=U5-7
Added Pin To Net: NetName=5V Pin=U5-8
Added Pin To Net: NetName=NetC37_1 Pin=C37-1
Added Pin To Net: NetName=NetC37_1 Pin=C38-1
Added Pin To Net: NetName=NetC37_1 Pin=U5-6
Added Net: Name=NetC37_1
Added Pin To Net: NetName=UART_RX_ Pin=R20-1
Added Pin To Net: NetName=UART_RX_ Pin=U5-26
Added Net: Name=UART_RX_
Added Pin To Net: NetName=UART_TX_ Pin=R19-1
Added Pin To Net: NetName=UART_TX_ Pin=U5-25
Added Net: Name=UART_TX_
Added Member To Class: ClassName=ADS1294 Member=Component C37 Cap Semi
Added Member To Class: ClassName=ADS1294 Member=Component C38 Cap Semi
Added Member To Class: ClassName=ADS1294 Member=Component C39 Cap Semi
Added Member To Class: ClassName=ADS1294 Member=Component C40 Cap Semi
Added Member To Class: ClassName=ADS1294 Member=Component R19 Res1
Added Member To Class: ClassName=ADS1294 Member=Component R20 Res1
Added Member To Class: ClassName=ADS1294 Member=Component U5 CP2102N-A01-GQFN28
