Added Component: Designator=AGND_Jumper(2012[0805] - Jumper - wa)
Added Component: Designator=C5(J1-0603)
Added Component: Designator=C6(J1-0603)
Added Component: Designator=C7(J1-0603)
Added Component: Designator=C8(J1-0603)
Added Component: Designator=C22(J1-0603)
Added Component: Designator=C23(J1-0603)
Added Component: Designator=C24(J1-0603)
Added Component: Designator=C25(J1-0603)
Added Component: Designator=U2(*SOT95P300X120-6N)
Added Pin To Net: NetName=AGND Pin=AGND_Jumper-1
Added Pin To Net: NetName=GND Pin=AGND_Jumper-2
Added Pin To Net: NetName=NetC5_1 Pin=C5-1
Added Pin To Net: NetName=AGND Pin=C5-2
Added Pin To Net: NetName=NetC5_1 Pin=C6-1
Added Pin To Net: NetName=AGND Pin=C6-2
Added Pin To Net: NetName=AVSS Pin=C7-1
Added Pin To Net: NetName=-VCC Pin=C7-2
Added Pin To Net: NetName=AVSS Pin=C8-1
Added Pin To Net: NetName=AGND Pin=C8-2
Added Pin To Net: NetName=AGND Pin=C22-1
Added Pin To Net: NetName=NetC22_2 Pin=C22-2
Added Pin To Net: NetName=AGND Pin=C23-1
Added Pin To Net: NetName=NetC23_2 Pin=C23-2
Added Pin To Net: NetName=AVSS Pin=C24-1
Added Pin To Net: NetName=AGND Pin=C24-2
Added Pin To Net: NetName=AGND Pin=C25-1
Added Pin To Net: NetName=NetC25_2 Pin=C25-2
Added Pin To Net: NetName=AVSS Pin=U2-1
Added Pin To Net: NetName=NetC32_2 Pin=U2-2
Added Pin To Net: NetName=NetC31_2 Pin=U2-3
Added Pin To Net: NetName=VCC Pin=U2-4
Added Pin To Net: NetName=VCC Pin=U2-5
Added Pin To Net: NetName=NetC31_1 Pin=U2-6
Added Member To Class: ClassName=ADS1294 Member=Component AGND_Jumper Jumper 0805
Added Member To Class: ClassName=ADS1294 Member=Component C5 Cap Semi
Added Member To Class: ClassName=ADS1294 Member=Component C6 Cap Semi
Added Member To Class: ClassName=ADS1294 Member=Component C7 Cap Semi
Added Member To Class: ClassName=ADS1294 Member=Component C8 Cap Semi
Added Member To Class: ClassName=ADS1294 Member=Component C22 Cap Semi
Added Member To Class: ClassName=ADS1294 Member=Component C23 Cap Semi
Added Member To Class: ClassName=ADS1294 Member=Component C24 Cap Semi
Added Member To Class: ClassName=ADS1294 Member=Component C25 Cap Semi
Added Member To Class: ClassName=ADS1294 Member=Component U2 LM2664M6
