Added Component: Designator=C29(0402)
Added Component: Designator=C30(0402)
Added Component: Designator=R14(0402)
Added Component: Designator=R15(0402)
Added Component: Designator=R17(0402)
Added Component: Designator=R18(0402)
Added Component: Designator=S2(KLS7-TS3606B)
Added Component: Designator=S3(KLS7-TS3606B)
Added Pin To Net: NetName=DGND Pin=C29-2
Added Pin To Net: NetName=DGND Pin=C30-2
Added Pin To Net: NetName=DVCC Pin=R14-2
Added Pin To Net: NetName=DVCC Pin=R15-2
Added Pin To Net: NetName=DGND Pin=S2-2
Added Pin To Net: NetName=DGND Pin=S3-2
Added Pin To Net: NetName=BUTTON_1 Pin=R17-1
Added Pin To Net: NetName=BUTTON_1 Pin=U8-21
Added Net: Name=BUTTON_1
Added Pin To Net: NetName=BUTTON_2 Pin=R18-1
Added Pin To Net: NetName=BUTTON_2 Pin=U8-22
Added Net: Name=BUTTON_2
Added Pin To Net: NetName=NetC29_1 Pin=C29-1
Added Pin To Net: NetName=NetC29_1 Pin=R14-1
Added Pin To Net: NetName=NetC29_1 Pin=R18-2
Added Pin To Net: NetName=NetC29_1 Pin=S2-1
Added Net: Name=NetC29_1
Added Pin To Net: NetName=NetC30_1 Pin=C30-1
Added Pin To Net: NetName=NetC30_1 Pin=R15-1
Added Pin To Net: NetName=NetC30_1 Pin=R17-2
Added Pin To Net: NetName=NetC30_1 Pin=S3-1
Added Net: Name=NetC30_1
Added Member To Class: ClassName=ADS1294 Member=Component C29 Cap Semi
Added Member To Class: ClassName=ADS1294 Member=Component C30 Cap Semi
Added Member To Class: ClassName=ADS1294 Member=Component R14 Res1
Added Member To Class: ClassName=ADS1294 Member=Component R15 Res1
Added Member To Class: ClassName=ADS1294 Member=Component R17 Res1
Added Member To Class: ClassName=ADS1294 Member=Component R18 Res1
Added Member To Class: ClassName=ADS1294 Member=Component S2 SW-PB
Added Member To Class: ClassName=ADS1294 Member=Component S3 SW-PB
