Added Component: Designator=BT1(BAT-2)
Added Component: Designator=C1(C0805 - wa)
Added Component: Designator=C2(C0805 - wa)
Added Component: Designator=C3(C0805 - wa)
Added Component: Designator=C4(C0805 - wa)
Added Component: Designator=C5(C0805 - wa)
Added Component: Designator=C6(C0805 - wa)
Added Component: Designator=C7(C0805 - wa)
Added Component: Designator=C8(C0805 - wa)
Added Component: Designator=C9(C0805 - wa)
Added Component: Designator=C10(0402)
Added Component: Designator=C11(0402)
Added Component: Designator=C12(0402)
Added Component: Designator=C13(0402)
Added Component: Designator=C14(C0805 - wa)
Added Component: Designator=C15(C0805 - wa)
Added Component: Designator=C16(0402)
Added Component: Designator=C17(C0805 - wa)
Added Component: Designator=C18(C0805 - wa)
Added Component: Designator=C19(C0805 - wa)
Added Component: Designator=C20(C0805 - wa)
Added Component: Designator=C21(0402)
Added Component: Designator=C22(C0805 - wa)
Added Component: Designator=C23(C0805 - wa)
Added Component: Designator=C24(C0805 - wa)
Added Component: Designator=C25(C0805 - wa)
Added Component: Designator=C26(0402)
Added Component: Designator=C27(0402)
Added Component: Designator=C28(0402)
Added Component: Designator=DGND_Jumper(2012[0805] - Jumper - wa)
Added Component: Designator=GND_Jumper(2012[0805] - Jumper - wa)
Added Component: Designator=HL1(1608[0603])
Added Component: Designator=HL2(1608[0603])
Added Component: Designator=HL3(1608[0603])
Added Component: Designator=P1(HDR2X9)
Added Component: Designator=P2(HDR1X4)
Added Component: Designator=P3(HDR1X4)
Added Component: Designator=P4(Micro_USB)
Added Component: Designator=R1(0402)
Added Component: Designator=R2(2012[0805] - wa)
Added Component: Designator=R3(0402)
Added Component: Designator=R4(0402)
Added Component: Designator=R5(0402)
Added Component: Designator=R6(0402)
Added Component: Designator=R7(0402)
Added Component: Designator=R8(0402)
Added Component: Designator=R9(2012[0805] - wa)
Added Component: Designator=R10(0402)
Added Component: Designator=R11(0402)
Added Component: Designator=R12(0402)
Added Component: Designator=R13(0402)
Added Component: Designator=R16(0402)
Added Component: Designator=S1(KLS7-TS3606B)
Added Component: Designator=U1(TI-DBV5_N)
Added Component: Designator=U2(TI-DBV5_N)
Added Component: Designator=U8(STM-LQFP48_N)
Added Component: Designator=U10(QFN50P300X300X100-17N)
Added Component: Designator=ZQ1(CFPX-5)
Added Pin To Net: NetName=DGND Pin=BT1-2
Added Pin To Net: NetName=DGND Pin=C1-1
Added Pin To Net: NetName=VCC Pin=C1-2
Added Pin To Net: NetName=DGND Pin=C2-1
Added Pin To Net: NetName=NetC2_2 Pin=C2-2
Added Pin To Net: NetName=DGND Pin=C3-1
Added Pin To Net: NetName=DVDD Pin=C3-2
Added Pin To Net: NetName=DGND Pin=C4-1
Added Pin To Net: NetName=DVDD Pin=C4-2
Added Pin To Net: NetName=AGND Pin=C5-1
Added Pin To Net: NetName=VCC Pin=C5-2
Added Pin To Net: NetName=AGND Pin=C6-1
Added Pin To Net: NetName=NetC6_2 Pin=C6-2
Added Pin To Net: NetName=AGND Pin=C7-1
Added Pin To Net: NetName=AVDD Pin=C7-2
Added Pin To Net: NetName=AGND Pin=C8-1
Added Pin To Net: NetName=AVDD Pin=C8-2
Added Pin To Net: NetName=AGND Pin=C9-1
Added Pin To Net: NetName=AVDD Pin=C9-2
Added Pin To Net: NetName=DGND Pin=C10-1
Added Pin To Net: NetName=DGND Pin=C11-1
Added Pin To Net: NetName=DGND Pin=C12-1
Added Pin To Net: NetName=DGND Pin=C13-1
Added Pin To Net: NetName=AGND Pin=C14-1
Added Pin To Net: NetName=AGND Pin=C15-1
Added Pin To Net: NetName=DGND Pin=C16-1
Added Pin To Net: NetName=RLD Pin=C17-2
Added Pin To Net: NetName=AGND Pin=C18-1
Added Pin To Net: NetName=AVDD Pin=C18-2
Added Pin To Net: NetName=DVDD Pin=C19-1
Added Pin To Net: NetName=DGND Pin=C19-2
Added Pin To Net: NetName=DVDD Pin=C20-1
Added Pin To Net: NetName=DGND Pin=C20-2
Added Pin To Net: NetName=DGND Pin=C21-2
Added Pin To Net: NetName=AGND Pin=C22-1
Added Pin To Net: NetName=AGND Pin=C23-1
Added Pin To Net: NetName=AGND Pin=C24-1
Added Pin To Net: NetName=VREF Pin=C24-2
Added Pin To Net: NetName=AGND Pin=C25-1
Added Pin To Net: NetName=DGND Pin=C26-2
Added Pin To Net: NetName=DGND Pin=C27-2
Added Pin To Net: NetName=DGND Pin=C28-2
Added Pin To Net: NetName=DGND Pin=DGND_Jumper-1
Added Pin To Net: NetName=GND Pin=DGND_Jumper-2
Added Pin To Net: NetName=AGND Pin=GND_Jumper-1
Added Pin To Net: NetName=GND Pin=GND_Jumper-2
Added Pin To Net: NetName=VCC Pin=HL1-1
Added Pin To Net: NetName=DGND Pin=HL3-2
Added Pin To Net: NetName=NetIC1_10 Pin=P1-10
Added Pin To Net: NetName=NetIC1_12 Pin=P1-12
Added Pin To Net: NetName=NetIC1_14 Pin=P1-14
Added Pin To Net: NetName=NetIC1_16 Pin=P1-16
Added Pin To Net: NetName=RLD Pin=P1-17
Added Pin To Net: NetName=NetIC1_16 Pin=P1-18
Added Pin To Net: NetName=DGND Pin=P2-1
Added Pin To Net: NetName=DGND Pin=P3-1
Added Pin To Net: NetName=GND Pin=P4-5
Added Pin To Net: NetName=GND Pin=P4-Z1
Added Pin To Net: NetName=GND Pin=P4-Z2
Added Pin To Net: NetName=GND Pin=P4-Z3
Added Pin To Net: NetName=GND Pin=P4-Z4
Added Pin To Net: NetName=RLD Pin=R2-2
Added Pin To Net: NetName=DGND Pin=R4-1
Added Pin To Net: NetName=DGND Pin=R5-1
Added Pin To Net: NetName=DGND Pin=R6-1
Added Pin To Net: NetName=DGND Pin=R7-1
Added Pin To Net: NetName=DGND Pin=R8-1
Added Pin To Net: NetName=CS Pin=R9-1
Added Pin To Net: NetName=DVDD Pin=R9-2
Added Pin To Net: NetName=DGND Pin=R10-2
Added Pin To Net: NetName=DGND Pin=S1-2
Added Pin To Net: NetName=VCC Pin=U1-1
Added Pin To Net: NetName=DGND Pin=U1-2
Added Pin To Net: NetName=VCC Pin=U1-3
Added Pin To Net: NetName=NetC2_2 Pin=U1-4
Added Pin To Net: NetName=DVDD Pin=U1-5
Added Pin To Net: NetName=VCC Pin=U2-1
Added Pin To Net: NetName=AGND Pin=U2-2
Added Pin To Net: NetName=VCC Pin=U2-3
Added Pin To Net: NetName=NetC6_2 Pin=U2-4
Added Pin To Net: NetName=AVDD Pin=U2-5
Added Pin To Net: NetName=AGND Pin=U8-8
Added Pin To Net: NetName=DRDY Pin=U8-11
Added Pin To Net: NetName=CS Pin=U8-13
Added Pin To Net: NetName=VREF Pin=U8-14
Added Pin To Net: NetName=SCLK Pin=U8-15
Added Pin To Net: NetName=DIN Pin=U8-16
Added Pin To Net: NetName=DOUT Pin=U8-17
Added Pin To Net: NetName=START Pin=U8-19
Added Pin To Net: NetName=RESET Pin=U8-20
Added Pin To Net: NetName=DGND Pin=U8-23
Added Pin To Net: NetName=DGND Pin=U8-35
Added Pin To Net: NetName=DGND Pin=U8-47
Added Pin To Net: NetName=DGND Pin=U10-4
Added Pin To Net: NetName=VCC Pin=U10-5
Added Pin To Net: NetName=DGND Pin=U10-6
Added Pin To Net: NetName=DGND Pin=U10-8
Added Pin To Net: NetName=VCC Pin=U10-10
Added Pin To Net: NetName=VCC Pin=U10-11
Added Pin To Net: NetName=DGND Pin=U10-17
Added Pin To Net: NetName=DGND Pin=ZQ1-2
Added Pin To Net: NetName=DGND Pin=ZQ1-4
Added Pin To Net: NetName=5V Pin=C16-2
Added Pin To Net: NetName=5V Pin=P4-1
Added Pin To Net: NetName=5V Pin=U10-13
Added Net: Name=5V
Added Pin To Net: NetName=AIN1N Pin=P1-15
Added Net: Name=AIN1N
Added Pin To Net: NetName=AIN2N Pin=P1-13
Added Net: Name=AIN2N
Added Pin To Net: NetName=AIN3N Pin=P1-11
Added Net: Name=AIN3N
Added Pin To Net: NetName=AIN4N Pin=P1-9
Added Net: Name=AIN4N
Added Pin To Net: NetName=AIN5N Pin=P1-7
Added Net: Name=AIN5N
Added Pin To Net: NetName=AIN6N Pin=P1-5
Added Net: Name=AIN6N
Added Pin To Net: NetName=AIN7N Pin=P1-3
Added Net: Name=AIN7N
Added Pin To Net: NetName=AIN8N Pin=P1-1
Added Net: Name=AIN8N
Added Pin To Net: NetName=D+ Pin=P4-3
Added Net: Name=D+
Added Pin To Net: NetName=D- Pin=P4-2
Added Net: Name=D-
Added Pin To Net: NetName=DVCC Pin=C10-2
Added Pin To Net: NetName=DVCC Pin=C11-2
Added Pin To Net: NetName=DVCC Pin=C12-2
Added Pin To Net: NetName=DVCC Pin=C13-2
Added Pin To Net: NetName=DVCC Pin=P2-4
Added Pin To Net: NetName=DVCC Pin=P3-4
Added Pin To Net: NetName=DVCC Pin=R11-2
Added Pin To Net: NetName=DVCC Pin=R16-1
Added Pin To Net: NetName=DVCC Pin=U8-1
Added Pin To Net: NetName=DVCC Pin=U8-24
Added Pin To Net: NetName=DVCC Pin=U8-36
Added Pin To Net: NetName=DVCC Pin=U8-48
Added Net: Name=DVCC
Added Pin To Net: NetName=LED_USR Pin=R13-2
Added Pin To Net: NetName=LED_USR Pin=U8-2
Added Net: Name=LED_USR
Added Pin To Net: NetName=NetBT1_1 Pin=BT1-1
Added Pin To Net: NetName=NetBT1_1 Pin=C21-1
Added Pin To Net: NetName=NetBT1_1 Pin=U10-2
Added Pin To Net: NetName=NetBT1_1 Pin=U10-3
Added Net: Name=NetBT1_1
Added Pin To Net: NetName=NetC14_2 Pin=C14-2
Added Pin To Net: NetName=NetC14_2 Pin=C15-2
Added Net: Name=NetC14_2
Added Pin To Net: NetName=NetC17_1 Pin=C17-1
Added Pin To Net: NetName=NetC17_1 Pin=R2-1
Added Net: Name=NetC17_1
Added Pin To Net: NetName=NetC22_2 Pin=C22-2
Added Net: Name=NetC22_2
Added Pin To Net: NetName=NetC23_2 Pin=C23-2
Added Net: Name=NetC23_2
Added Pin To Net: NetName=NetC25_2 Pin=C25-2
Added Net: Name=NetC25_2
Added Pin To Net: NetName=NetC26_1 Pin=C26-1
Added Pin To Net: NetName=NetC26_1 Pin=U8-5
Added Pin To Net: NetName=NetC26_1 Pin=ZQ1-1
Added Net: Name=NetC26_1
Added Pin To Net: NetName=NetC27_1 Pin=C27-1
Added Pin To Net: NetName=NetC27_1 Pin=U8-6
Added Pin To Net: NetName=NetC27_1 Pin=ZQ1-3
Added Net: Name=NetC27_1
Added Pin To Net: NetName=NetHL1_2 Pin=HL1-2
Added Pin To Net: NetName=NetHL1_2 Pin=R1-1
Added Pin To Net: NetName=NetHL1_2 Pin=R3-1
Added Net: Name=NetHL1_2
Added Pin To Net: NetName=NetHL2_1 Pin=HL2-1
Added Pin To Net: NetName=NetHL2_1 Pin=R3-2
Added Net: Name=NetHL2_1
Added Pin To Net: NetName=NetHL2_2 Pin=HL2-2
Added Pin To Net: NetName=NetHL2_2 Pin=U10-7
Added Net: Name=NetHL2_2
Added Pin To Net: NetName=NetHL3_1 Pin=HL3-1
Added Pin To Net: NetName=NetHL3_1 Pin=R13-1
Added Net: Name=NetHL3_1
Added Pin To Net: NetName=NetIC1_2 Pin=P1-2
Added Net: Name=NetIC1_2
Added Pin To Net: NetName=NetIC1_4 Pin=P1-4
Added Net: Name=NetIC1_4
Added Pin To Net: NetName=NetIC1_6 Pin=P1-6
Added Net: Name=NetIC1_6
Added Pin To Net: NetName=NetR1_2 Pin=R1-2
Added Pin To Net: NetName=NetR1_2 Pin=U10-9
Added Net: Name=NetR1_2
Added Pin To Net: NetName=NetR4_2 Pin=R4-2
Added Pin To Net: NetName=NetR4_2 Pin=U10-1
Added Net: Name=NetR4_2
Added Pin To Net: NetName=NetR5_2 Pin=R5-2
Added Pin To Net: NetName=NetR5_2 Pin=U10-15
Added Net: Name=NetR5_2
Added Pin To Net: NetName=NetR6_2 Pin=R6-2
Added Pin To Net: NetName=NetR6_2 Pin=U10-14
Added Net: Name=NetR6_2
Added Pin To Net: NetName=NetR7_2 Pin=R7-2
Added Pin To Net: NetName=NetR7_2 Pin=U10-12
Added Net: Name=NetR7_2
Added Pin To Net: NetName=NetR8_2 Pin=R8-2
Added Pin To Net: NetName=NetR8_2 Pin=U10-16
Added Net: Name=NetR8_2
Added Pin To Net: NetName=NetR10_1 Pin=R10-1
Added Pin To Net: NetName=NetR10_1 Pin=U8-44
Added Net: Name=NetR10_1
Added Pin To Net: NetName=NetR12_1 Pin=R12-1
Added Pin To Net: NetName=NetR12_1 Pin=U8-7
Added Net: Name=NetR12_1
Added Pin To Net: NetName=NetR16_2 Pin=R16-2
Added Pin To Net: NetName=NetR16_2 Pin=U8-9
Added Net: Name=NetR16_2
Added Pin To Net: NetName=NRST Pin=C28-1
Added Pin To Net: NetName=NRST Pin=R11-1
Added Pin To Net: NetName=NRST Pin=R12-2
Added Pin To Net: NetName=NRST Pin=S1-1
Added Net: Name=NRST
Added Pin To Net: NetName=SWCLK Pin=P2-2
Added Pin To Net: NetName=SWCLK Pin=U8-37
Added Net: Name=SWCLK
Added Pin To Net: NetName=SWDIO Pin=P2-3
Added Pin To Net: NetName=SWDIO Pin=U8-34
Added Net: Name=SWDIO
Added Pin To Net: NetName=UART_RX Pin=P3-2
Added Pin To Net: NetName=UART_RX Pin=U8-31
Added Net: Name=UART_RX
Added Pin To Net: NetName=UART_TX Pin=P3-3
Added Pin To Net: NetName=UART_TX Pin=U8-30
Added Net: Name=UART_TX
Added Member To Class: ClassName=ADS1294 Member=Component BT1 Battery
Added Member To Class: ClassName=ADS1294 Member=Component C1 Cap Semi
Added Member To Class: ClassName=ADS1294 Member=Component C2 Cap Semi
Added Member To Class: ClassName=ADS1294 Member=Component C3 Cap Semi
Added Member To Class: ClassName=ADS1294 Member=Component C4 Cap Semi
Added Member To Class: ClassName=ADS1294 Member=Component C5 Cap Semi
Added Member To Class: ClassName=ADS1294 Member=Component C6 Cap Semi
Added Member To Class: ClassName=ADS1294 Member=Component C7 Cap Semi
Added Member To Class: ClassName=ADS1294 Member=Component C8 Cap Semi
Added Member To Class: ClassName=ADS1294 Member=Component C9 Cap Semi
Added Member To Class: ClassName=ADS1294 Member=Component C10 Cap Semi
Added Member To Class: ClassName=ADS1294 Member=Component C11 Cap Semi
Added Member To Class: ClassName=ADS1294 Member=Component C12 Cap Semi
Added Member To Class: ClassName=ADS1294 Member=Component C13 Cap Semi
Added Member To Class: ClassName=ADS1294 Member=Component C14 Cap Semi
Added Member To Class: ClassName=ADS1294 Member=Component C15 Cap Semi
Added Member To Class: ClassName=ADS1294 Member=Component C16 Cap Semi
Added Member To Class: ClassName=ADS1294 Member=Component C17 Cap Semi
Added Member To Class: ClassName=ADS1294 Member=Component C18 Cap Semi
Added Member To Class: ClassName=ADS1294 Member=Component C19 Cap Semi
Added Member To Class: ClassName=ADS1294 Member=Component C20 Cap Semi
Added Member To Class: ClassName=ADS1294 Member=Component C21 Cap Semi
Added Member To Class: ClassName=ADS1294 Member=Component C22 Cap Semi
Added Member To Class: ClassName=ADS1294 Member=Component C23 Cap Semi
Added Member To Class: ClassName=ADS1294 Member=Component C24 Cap Semi
Added Member To Class: ClassName=ADS1294 Member=Component C25 Cap Semi
Added Member To Class: ClassName=ADS1294 Member=Component C26 Cap Semi
Added Member To Class: ClassName=ADS1294 Member=Component C27 Cap Semi
Added Member To Class: ClassName=ADS1294 Member=Component C28 Cap Semi
Added Member To Class: ClassName=ADS1294 Member=Component DGND_Jumper Jumper 0805
Added Member To Class: ClassName=ADS1294 Member=Component GND_Jumper Jumper 0805
Added Member To Class: ClassName=ADS1294 Member=Component HL1 LED_RED
Added Member To Class: ClassName=ADS1294 Member=Component HL2 LED_GREEN
Added Member To Class: ClassName=ADS1294 Member=Component HL3 LED_BLUE
Added Member To Class: ClassName=ADS1294 Member=Component P1 Header 9X2
Added Member To Class: ClassName=ADS1294 Member=Component P2 Header 4
Added Member To Class: ClassName=ADS1294 Member=Component P3 Header 4
Added Member To Class: ClassName=ADS1294 Member=Component P4 Micro_USB
Added Member To Class: ClassName=ADS1294 Member=Component R1 Res1
Added Member To Class: ClassName=ADS1294 Member=Component R2 Resistor 0805 390 Om 5% 0.125 Âò
Added Member To Class: ClassName=ADS1294 Member=Component R3 Res1
Added Member To Class: ClassName=ADS1294 Member=Component R4 Res1
Added Member To Class: ClassName=ADS1294 Member=Component R5 Res1
Added Member To Class: ClassName=ADS1294 Member=Component R6 Res1
Added Member To Class: ClassName=ADS1294 Member=Component R7 Res1
Added Member To Class: ClassName=ADS1294 Member=Component R8 Res1
Added Member To Class: ClassName=ADS1294 Member=Component R9 Resistor 0805 390 Om 5% 0.125 Âò
Added Member To Class: ClassName=ADS1294 Member=Component R10 Res1
Added Member To Class: ClassName=ADS1294 Member=Component R11 Res1
Added Member To Class: ClassName=ADS1294 Member=Component R12 Res1
Added Member To Class: ClassName=ADS1294 Member=Component R13 Res1
Added Member To Class: ClassName=ADS1294 Member=Component R16 Res1
Added Member To Class: ClassName=ADS1294 Member=Component S1 SW-PB
Added Member To Class: ClassName=ADS1294 Member=Component U1 TPS79333
Added Member To Class: ClassName=ADS1294 Member=Component U2 TPS79333
Added Member To Class: ClassName=ADS1294 Member=Component U8 STM32L151C8T6
Added Member To Class: ClassName=ADS1294 Member=Component U10 BQ24232HARGTR
Added Member To Class: ClassName=ADS1294 Member=Component ZQ1 24MHz
