Added Component: Designator=IC1(HTQFP-64-PAP)
Added Pin To Net: NetName=AIN8N Pin=IC1-1
Added Pin To Net: NetName=NetIC1_2 Pin=IC1-2
Added Pin To Net: NetName=AIN7N Pin=IC1-3
Added Pin To Net: NetName=NetIC1_4 Pin=IC1-4
Added Pin To Net: NetName=AIN6N Pin=IC1-5
Added Pin To Net: NetName=NetIC1_6 Pin=IC1-6
Added Pin To Net: NetName=AIN5N Pin=IC1-7
Added Pin To Net: NetName=NetIC1_8 Pin=IC1-8
Added Pin To Net: NetName=AIN4N Pin=IC1-9
Added Pin To Net: NetName=NetIC1_10 Pin=IC1-10
Added Pin To Net: NetName=AIN3N Pin=IC1-11
Added Pin To Net: NetName=NetIC1_12 Pin=IC1-12
Added Pin To Net: NetName=AIN2N Pin=IC1-13
Added Pin To Net: NetName=NetIC1_14 Pin=IC1-14
Added Pin To Net: NetName=AIN1N Pin=IC1-15
Added Pin To Net: NetName=NetIC1_16 Pin=IC1-16
Added Pin To Net: NetName=BIAS1 Pin=IC1-17
Added Pin To Net: NetName=BIAS2 Pin=IC1-18
Added Pin To Net: NetName=AVDD Pin=IC1-19
Added Pin To Net: NetName=AGND Pin=IC1-20
Added Pin To Net: NetName=AVDD Pin=IC1-21
Added Pin To Net: NetName=AVDD Pin=IC1-22
Added Pin To Net: NetName=AGND Pin=IC1-23
Added Pin To Net: NetName=NetC5_1 Pin=IC1-24
Added Pin To Net: NetName=AGND Pin=IC1-25
Added Pin To Net: NetName=NetC23_2 Pin=IC1-26
Added Pin To Net: NetName=NetC22_2 Pin=IC1-28
Added Pin To Net: NetName=NetC25_2 Pin=IC1-30
Added Pin To Net: NetName=DGND Pin=IC1-31
Added Pin To Net: NetName=AGND Pin=IC1-32
Added Pin To Net: NetName=DGND Pin=IC1-33
Added Pin To Net: NetName=DIN Pin=IC1-34
Added Pin To Net: NetName=RESET Pin=IC1-35
Added Pin To Net: NetName=RESET Pin=IC1-36
Added Pin To Net: NetName=START Pin=IC1-38
Added Pin To Net: NetName=CS Pin=IC1-39
Added Pin To Net: NetName=SCLK Pin=IC1-40
Added Pin To Net: NetName=DGND Pin=IC1-42
Added Pin To Net: NetName=DOUT Pin=IC1-43
Added Pin To Net: NetName=DGND Pin=IC1-44
Added Pin To Net: NetName=DGND Pin=IC1-45
Added Pin To Net: NetName=DGND Pin=IC1-46
Added Pin To Net: NetName=DRDY Pin=IC1-47
Added Pin To Net: NetName=DVCC Pin=IC1-48
Added Pin To Net: NetName=DGND Pin=IC1-49
Added Pin To Net: NetName=DVCC Pin=IC1-50
Added Pin To Net: NetName=DGND Pin=IC1-51
Added Pin To Net: NetName=DVCC Pin=IC1-52
Added Pin To Net: NetName=AGND Pin=IC1-53
Added Pin To Net: NetName=AVDD Pin=IC1-54
Added Pin To Net: NetName=NetC14_2 Pin=IC1-55
Added Pin To Net: NetName=AVDD Pin=IC1-56
Added Pin To Net: NetName=AGND Pin=IC1-57
Added Pin To Net: NetName=AGND Pin=IC1-58
Added Pin To Net: NetName=AVDD Pin=IC1-59
Added Pin To Net: NetName=NetC17_1 Pin=IC1-61
Added Pin To Net: NetName=RLD Pin=IC1-62
Added Pin To Net: NetName=RLD Pin=IC1-63
Added Pin To Net: NetName=AGND Pin=IC1-64
Added Member To Class: ClassName=ADS1294 Member=Component IC1 ADS1298
